<?xml version="1.0" encoding="UTF-8"?>
<testng-results ignored="0" total="1" passed="1" failed="0" skipped="0">
  <reporter-output>
  </reporter-output>
  <suite started-at="2023-02-02T02:56:21 IST" name="Default suite" finished-at="2023-02-02T02:56:21 IST" duration-ms="239">
    <groups>
    </groups>
    <test started-at="2023-02-02T02:56:21 IST" name="Default test" finished-at="2023-02-02T02:56:21 IST" duration-ms="239">
      <class name="vtiger.Practice.ReadDataFromCmdLineTest">
        <test-method signature="readDataFromCmdLine()[pri:0, instance:vtiger.Practice.ReadDataFromCmdLineTest@7205765b]" started-at="2023-02-02T02:56:21 IST" name="readDataFromCmdLine" finished-at="2023-02-02T02:56:21 IST" duration-ms="37" status="PASS">
          <reporter-output>
          </reporter-output>
        </test-method> <!-- readDataFromCmdLine -->
      </class> <!-- vtiger.Practice.ReadDataFromCmdLineTest -->
    </test> <!-- Default test -->
  </suite> <!-- Default suite -->
</testng-results>
